[debug] [2024-08-15T03:54:06.330Z] ----------------------------------------------------------------------
[debug] [2024-08-15T03:54:06.332Z] Command:       C:\Program Files\nodejs\node.exe C:\Users\SINGER\AppData\Roaming\npm\node_modules\firebase-tools\lib\bin\firebase.js init
[debug] [2024-08-15T03:54:06.332Z] CLI Version:   13.15.1
[debug] [2024-08-15T03:54:06.332Z] Platform:      win32
[debug] [2024-08-15T03:54:06.333Z] Node Version:  v20.16.0
[debug] [2024-08-15T03:54:06.333Z] Time:          Thu Aug 15 2024 09:24:06 GMT+0530 (India Standard Time)
[debug] [2024-08-15T03:54:06.333Z] ----------------------------------------------------------------------
[debug] 
[debug] [2024-08-15T03:54:06.386Z] > command requires scopes: ["email","openid","https://www.googleapis.com/auth/cloudplatformprojects.readonly","https://www.googleapis.com/auth/firebase","https://www.googleapis.com/auth/cloud-platform"]
[debug] [2024-08-15T03:54:06.386Z] > authorizing via signed-in user (samiiindatck@gmail.com)
[info] 
     ######## #### ########  ######## ########     ###     ######  ########
     ##        ##  ##     ## ##       ##     ##  ##   ##  ##       ##
     ######    ##  ########  ######   ########  #########  ######  ######
     ##        ##  ##    ##  ##       ##     ## ##     ##       ## ##
     ##       #### ##     ## ######## ########  ##     ##  ######  ########

You're about to initialize a Firebase project in this directory:

  C:\Users\SINGER\Desktop\Loadsensor

Before we get started, keep in mind:

  * You are initializing within an existing Firebase project directory

